<?xml version="1.0" encoding="utf-8"?><testsuites name="pytest tests"><testsuite name="pytest" errors="0" failures="0" skipped="0" tests="19" time="2.024" timestamp="2026-06-01T08:03:47.070218+00:00" hostname="agent-env-bb427e30-9e55-40f7-9127-ad36b7c368f7"><testcase classname="backend.tests.test_backend.TestAuth" name="test_me_without_token_401" time="0.258" /><testcase classname="backend.tests.test_backend.TestAuth" name="test_me_with_token_ok" time="0.134" /><testcase classname="backend.tests.test_backend.TestPlayers" name="test_list_initial" time="0.048" /><testcase classname="backend.tests.test_backend.TestPlayers" name="test_create_player" time="0.050" /><testcase classname="backend.tests.test_backend.TestPlayers" name="test_create_duplicate_409" time="0.047" /><testcase classname="backend.tests.test_backend.TestPlayers" name="test_rename_and_toggle" time="0.147" /><testcase classname="backend.tests.test_backend.TestPlayers" name="test_delete_player_without_matches" time="0.047" /><testcase classname="backend.tests.test_backend.TestMatches" name="test_create_match_uneven_400" time="0.302" /><testcase classname="backend.tests.test_backend.TestMatches" name="test_create_match_overlap_400" time="0.045" /><testcase classname="backend.tests.test_backend.TestMatches" name="test_create_match_ok" time="0.048" /><testcase classname="backend.tests.test_backend.TestMatches" name="test_list_matches_desc" time="0.049" /><testcase classname="backend.tests.test_backend.TestMatches" name="test_patch_match" time="0.052" /><testcase classname="backend.tests.test_backend.TestMatches" name="test_elo_after_match" time="0.048" /><testcase classname="backend.tests.test_backend.TestMatches" name="test_delete_player_with_match_blocked" time="0.295" /><testcase classname="backend.tests.test_backend.TestStats" name="test_global" time="0.047" /><testcase classname="backend.tests.test_backend.TestStats" name="test_players" time="0.048" /><testcase classname="backend.tests.test_backend.TestStats" name="test_player_detail" time="0.095" /><testcase classname="backend.tests.test_backend.TestTeamGenerator" name="test_odd_count_400" time="0.090" /><testcase classname="backend.tests.test_backend.TestTeamGenerator" name="test_even_returns_3_options" time="0.091" /></testsuite></testsuites>