<?xml version="1.0" encoding="utf-8"?><testsuites name="pytest tests"><testsuite name="pytest" errors="0" failures="0" skipped="0" tests="25" time="4.359" timestamp="2026-06-01T16:46:28.127851+00:00" hostname="agent-env-bb427e30-9e55-40f7-9127-ad36b7c368f7"><testcase classname="backend.tests.test_backend.TestAuth" name="test_login_success_returns_token_and_user" time="0.393" /><testcase classname="backend.tests.test_backend.TestAuth" name="test_login_wrong_password_401" time="0.358" /><testcase classname="backend.tests.test_backend.TestAuth" name="test_login_unknown_email_401" time="0.120" /><testcase classname="backend.tests.test_backend.TestAuth" name="test_me_without_token_401" time="0.114" /><testcase classname="backend.tests.test_backend.TestAuth" name="test_me_with_bad_token_401" time="0.123" /><testcase classname="backend.tests.test_backend.TestAuth" name="test_me_with_valid_token" time="0.433" /><testcase classname="backend.tests.test_backend.TestPublicReads" name="test_players_public" time="0.138" /><testcase classname="backend.tests.test_backend.TestPublicReads" name="test_matches_public" time="0.103" /><testcase classname="backend.tests.test_backend.TestPublicReads" name="test_stats_global_public" time="0.100" /><testcase classname="backend.tests.test_backend.TestPublicReads" name="test_stats_players_public" time="0.104" /><testcase classname="backend.tests.test_backend.TestPublicReads" name="test_stats_player_detail_public" time="0.244" /><testcase classname="backend.tests.test_backend.TestPublicReads" name="test_team_generator_public" time="0.236" /><testcase classname="backend.tests.test_backend.TestWriteUnauthorized" name="test_create_player_401" time="0.104" /><testcase classname="backend.tests.test_backend.TestWriteUnauthorized" name="test_patch_player_401" time="0.140" /><testcase classname="backend.tests.test_backend.TestWriteUnauthorized" name="test_delete_player_401" time="0.126" /><testcase classname="backend.tests.test_backend.TestWriteUnauthorized" name="test_create_match_401" time="0.109" /><testcase classname="backend.tests.test_backend.TestWriteUnauthorized" name="test_patch_match_401" time="0.117" /><testcase classname="backend.tests.test_backend.TestWriteUnauthorized" name="test_delete_match_401" time="0.118" /><testcase classname="backend.tests.test_backend.TestAdminCRUD" name="test_create_player_ok" time="0.171" /><testcase classname="backend.tests.test_backend.TestAdminCRUD" name="test_patch_player_ok" time="0.054" /><testcase classname="backend.tests.test_backend.TestAdminCRUD" name="test_create_match_ok" time="0.236" /><testcase classname="backend.tests.test_backend.TestAdminCRUD" name="test_patch_match_ok" time="0.050" /><testcase classname="backend.tests.test_backend.TestAdminCRUD" name="test_delete_match_ok" time="0.053" /><testcase classname="backend.tests.test_backend.TestAdminCRUD" name="test_delete_players_cleanup" time="0.208" /><testcase classname="backend.tests.test_backend.TestSeedIdempotent" name="test_login_still_works" time="0.335" /></testsuite></testsuites>